<?xml version="1.0" encoding="UTF-8"?>
<testsuite xmlns:xsi="http://www.w3.org/2001/XMLSchema-instance" xsi:noNamespaceSchemaLocation="https://maven.apache.org/surefire/maven-surefire-plugin/xsd/surefire-test-report.xsd" name="school.AppTest" time="0.132" tests="1" errors="0" skipped="0" failures="0">
  <properties>
    <property name="java.specification.version" value="18"/>
    <property name="sun.cpu.isalist" value="amd64"/>
    <property name="sun.jnu.encoding" value="Cp1252"/>
    <property name="java.class.path" value="c:\Users\LARRIEN\Desktop\Project 01\scholaid\target\test-classes;c:\Users\LARRIEN\Desktop\Project 01\scholaid\target\classes;C:\Users\LARRIEN\.m2\repository\org\xerial\sqlite-jdbc\3.42.0.0\sqlite-jdbc-3.42.0.0.jar;C:\Users\LARRIEN\.m2\repository\com\zaxxer\HikariCP\5.0.1\HikariCP-5.0.1.jar;C:\Users\LARRIEN\.m2\repository\org\postgresql\postgresql\42.6.0\postgresql-42.6.0.jar;C:\Users\LARRIEN\.m2\repository\org\checkerframework\checker-qual\3.31.0\checker-qual-3.31.0.jar;C:\Users\LARRIEN\.m2\repository\com\google\cloud\sql\postgres-socket-factory\1.12.0\postgres-socket-factory-1.12.0.jar;C:\Users\LARRIEN\.m2\repository\com\google\cloud\sql\jdbc-socket-factory-core\1.12.0\jdbc-socket-factory-core-1.12.0.jar;C:\Users\LARRIEN\.m2\repository\dev\failsafe\failsafe\3.3.1\failsafe-3.3.1.jar;C:\Users\LARRIEN\.m2\repository\com\github\jnr\jnr-unixsocket\0.38.19\jnr-unixsocket-0.38.19.jar;C:\Users\LARRIEN\.m2\repository\com\github\jnr\jnr-ffi\2.2.13\jnr-ffi-2.2.13.jar;C:\Users\LARRIEN\.m2\repository\com\github\jnr\jffi\1.3.10\jffi-1.3.10.jar;C:\Users\LARRIEN\.m2\repository\com\github\jnr\jffi\1.3.10\jffi-1.3.10-native.jar;C:\Users\LARRIEN\.m2\repository\org\ow2\asm\asm-commons\9.2\asm-commons-9.2.jar;C:\Users\LARRIEN\.m2\repository\com\github\jnr\jnr-a64asm\1.0.0\jnr-a64asm-1.0.0.jar;C:\Users\LARRIEN\.m2\repository\com\github\jnr\jnr-x86asm\1.0.2\jnr-x86asm-1.0.2.jar;C:\Users\LARRIEN\.m2\repository\com\github\jnr\jnr-constants\0.10.4\jnr-constants-0.10.4.jar;C:\Users\LARRIEN\.m2\repository\com\github\jnr\jnr-enxio\0.32.14\jnr-enxio-0.32.14.jar;C:\Users\LARRIEN\.m2\repository\com\github\jnr\jnr-posix\3.1.16\jnr-posix-3.1.16.jar;C:\Users\LARRIEN\.m2\repository\org\ow2\asm\asm-util\9.5\asm-util-9.5.jar;C:\Users\LARRIEN\.m2\repository\org\ow2\asm\asm\9.5\asm-9.5.jar;C:\Users\LARRIEN\.m2\repository\org\ow2\asm\asm-tree\9.5\asm-tree-9.5.jar;C:\Users\LARRIEN\.m2\repository\org\ow2\asm\asm-analysis\9.5\asm-analysis-9.5.jar;C:\Users\LARRIEN\.m2\repository\com\google\http-client\google-http-client\1.43.0\google-http-client-1.43.0.jar;C:\Users\LARRIEN\.m2\repository\org\apache\httpcomponents\httpclient\4.5.14\httpclient-4.5.14.jar;C:\Users\LARRIEN\.m2\repository\commons-logging\commons-logging\1.2\commons-logging-1.2.jar;C:\Users\LARRIEN\.m2\repository\org\apache\httpcomponents\httpcore\4.4.16\httpcore-4.4.16.jar;C:\Users\LARRIEN\.m2\repository\io\opencensus\opencensus-api\0.31.1\opencensus-api-0.31.1.jar;C:\Users\LARRIEN\.m2\repository\io\grpc\grpc-context\1.27.2\grpc-context-1.27.2.jar;C:\Users\LARRIEN\.m2\repository\io\opencensus\opencensus-contrib-http-util\0.31.1\opencensus-contrib-http-util-0.31.1.jar;C:\Users\LARRIEN\.m2\repository\com\google\errorprone\error_prone_annotations\2.16\error_prone_annotations-2.16.jar;C:\Users\LARRIEN\.m2\repository\com\google\http-client\google-http-client-gson\1.43.0\google-http-client-gson-1.43.0.jar;C:\Users\LARRIEN\.m2\repository\com\google\code\gson\gson\2.10.1\gson-2.10.1.jar;C:\Users\LARRIEN\.m2\repository\com\google\api-client\google-api-client\2.1.1\google-api-client-2.1.1.jar;C:\Users\LARRIEN\.m2\repository\com\google\http-client\google-http-client-apache-v2\1.42.3\google-http-client-apache-v2-1.42.3.jar;C:\Users\LARRIEN\.m2\repository\com\google\apis\google-api-services-sqladmin\v1beta4-rev20230403-2.0.0\google-api-services-sqladmin-v1beta4-rev20230403-2.0.0.jar;C:\Users\LARRIEN\.m2\repository\com\google\auth\google-auth-library-credentials\1.13.0\google-auth-library-credentials-1.13.0.jar;C:\Users\LARRIEN\.m2\repository\com\google\auth\google-auth-library-oauth2-http\1.13.0\google-auth-library-oauth2-http-1.13.0.jar;C:\Users\LARRIEN\.m2\repository\com\google\auto\value\auto-value-annotations\1.10\auto-value-annotations-1.10.jar;C:\Users\LARRIEN\.m2\repository\com\google\oauth-client\google-oauth-client\1.34.1\google-oauth-client-1.34.1.jar;C:\Users\LARRIEN\.m2\repository\com\google\api\gax\2.24.0\gax-2.24.0.jar;C:\Users\LARRIEN\.m2\repository\com\google\guava\guava\31.1-android\guava-31.1-android.jar;C:\Users\LARRIEN\.m2\repository\com\google\guava\failureaccess\1.0.1\failureaccess-1.0.1.jar;C:\Users\LARRIEN\.m2\repository\com\google\guava\listenablefuture\9999.0-empty-to-avoid-conflict-with-guava\listenablefuture-9999.0-empty-to-avoid-conflict-with-guava.jar;C:\Users\LARRIEN\.m2\repository\com\google\code\findbugs\jsr305\3.0.2\jsr305-3.0.2.jar;C:\Users\LARRIEN\.m2\repository\com\google\j2objc\j2objc-annotations\1.3\j2objc-annotations-1.3.jar;C:\Users\LARRIEN\.m2\repository\org\apache\poi\poi\5.2.0\poi-5.2.0.jar;C:\Users\LARRIEN\.m2\repository\commons-codec\commons-codec\1.15\commons-codec-1.15.jar;C:\Users\LARRIEN\.m2\repository\org\apache\commons\commons-collections4\4.4\commons-collections4-4.4.jar;C:\Users\LARRIEN\.m2\repository\org\apache\commons\commons-math3\3.6.1\commons-math3-3.6.1.jar;C:\Users\LARRIEN\.m2\repository\commons-io\commons-io\2.11.0\commons-io-2.11.0.jar;C:\Users\LARRIEN\.m2\repository\com\zaxxer\SparseBitSet\1.2\SparseBitSet-1.2.jar;C:\Users\LARRIEN\.m2\repository\org\apache\logging\log4j\log4j-api\2.17.1\log4j-api-2.17.1.jar;C:\Users\LARRIEN\.m2\repository\junit\junit\4.10\junit-4.10.jar;C:\Users\LARRIEN\.m2\repository\org\hamcrest\hamcrest-core\1.1\hamcrest-core-1.1.jar;C:\Users\LARRIEN\.m2\repository\org\apache\poi\poi-ooxml\3.9\poi-ooxml-3.9.jar;C:\Users\LARRIEN\.m2\repository\org\apache\poi\poi-ooxml-schemas\3.9\poi-ooxml-schemas-3.9.jar;C:\Users\LARRIEN\.m2\repository\org\apache\xmlbeans\xmlbeans\2.3.0\xmlbeans-2.3.0.jar;C:\Users\LARRIEN\.m2\repository\stax\stax-api\1.0.1\stax-api-1.0.1.jar;C:\Users\LARRIEN\.m2\repository\dom4j\dom4j\1.6.1\dom4j-1.6.1.jar;C:\Users\LARRIEN\.m2\repository\xml-apis\xml-apis\1.0.b2\xml-apis-1.0.b2.jar;C:\Users\LARRIEN\.m2\repository\org\openjfx\javafx-fxml\21-ea+23\javafx-fxml-21-ea+23.jar;C:\Users\LARRIEN\.m2\repository\org\openjfx\javafx-fxml\21-ea+23\javafx-fxml-21-ea+23-win.jar;C:\Users\LARRIEN\.m2\repository\org\openjfx\javafx-controls\21-ea+23\javafx-controls-21-ea+23.jar;C:\Users\LARRIEN\.m2\repository\org\openjfx\javafx-controls\21-ea+23\javafx-controls-21-ea+23-win.jar;C:\Users\LARRIEN\.m2\repository\org\openjfx\javafx-graphics\21-ea+23\javafx-graphics-21-ea+23.jar;C:\Users\LARRIEN\.m2\repository\org\openjfx\javafx-graphics\21-ea+23\javafx-graphics-21-ea+23-win.jar;C:\Users\LARRIEN\.m2\repository\org\openjfx\javafx-base\21-ea+23\javafx-base-21-ea+23.jar;C:\Users\LARRIEN\.m2\repository\org\openjfx\javafx-base\21-ea+23\javafx-base-21-ea+23-win.jar;C:\Users\LARRIEN\.m2\repository\com\mysql\mysql-connector-j\8.0.33\mysql-connector-j-8.0.33.jar;C:\Users\LARRIEN\.m2\repository\com\google\protobuf\protobuf-java\3.21.9\protobuf-java-3.21.9.jar;C:\Users\LARRIEN\.m2\repository\org\slf4j\slf4j-api\2.0.0-alpha0\slf4j-api-2.0.0-alpha0.jar;"/>
    <property name="java.vm.vendor" value="Oracle Corporation"/>
    <property name="sun.arch.data.model" value="64"/>
    <property name="user.variant" value=""/>
    <property name="java.vendor.url" value="https://java.oracle.com/"/>
    <property name="user.timezone" value="Africa/Douala"/>
    <property name="user.country.format" value="CM"/>
    <property name="os.name" value="Windows 10"/>
    <property name="java.vm.specification.version" value="18"/>
    <property name="sun.java.launcher" value="SUN_STANDARD"/>
    <property name="user.country" value="US"/>
    <property name="sun.boot.library.path" value="C:\Program Files\Java\jdk-18.0.2\bin"/>
    <property name="sun.java.command" value="C:\Users\LARRIEN\AppData\Local\Temp\surefire9474156428068478649\surefirebooter7327771588390351133.jar C:\Users\LARRIEN\AppData\Local\Temp\surefire9474156428068478649 2023-06-30T10-41-08_136-jvmRun1 surefire14375254747891021686tmp surefire_09290651589076858898tmp"/>
    <property name="jdk.debug" value="release"/>
    <property name="surefire.test.class.path" value="c:\Users\LARRIEN\Desktop\Project 01\scholaid\target\test-classes;c:\Users\LARRIEN\Desktop\Project 01\scholaid\target\classes;C:\Users\LARRIEN\.m2\repository\org\xerial\sqlite-jdbc\3.42.0.0\sqlite-jdbc-3.42.0.0.jar;C:\Users\LARRIEN\.m2\repository\com\zaxxer\HikariCP\5.0.1\HikariCP-5.0.1.jar;C:\Users\LARRIEN\.m2\repository\org\postgresql\postgresql\42.6.0\postgresql-42.6.0.jar;C:\Users\LARRIEN\.m2\repository\org\checkerframework\checker-qual\3.31.0\checker-qual-3.31.0.jar;C:\Users\LARRIEN\.m2\repository\com\google\cloud\sql\postgres-socket-factory\1.12.0\postgres-socket-factory-1.12.0.jar;C:\Users\LARRIEN\.m2\repository\com\google\cloud\sql\jdbc-socket-factory-core\1.12.0\jdbc-socket-factory-core-1.12.0.jar;C:\Users\LARRIEN\.m2\repository\dev\failsafe\failsafe\3.3.1\failsafe-3.3.1.jar;C:\Users\LARRIEN\.m2\repository\com\github\jnr\jnr-unixsocket\0.38.19\jnr-unixsocket-0.38.19.jar;C:\Users\LARRIEN\.m2\repository\com\github\jnr\jnr-ffi\2.2.13\jnr-ffi-2.2.13.jar;C:\Users\LARRIEN\.m2\repository\com\github\jnr\jffi\1.3.10\jffi-1.3.10.jar;C:\Users\LARRIEN\.m2\repository\com\github\jnr\jffi\1.3.10\jffi-1.3.10-native.jar;C:\Users\LARRIEN\.m2\repository\org\ow2\asm\asm-commons\9.2\asm-commons-9.2.jar;C:\Users\LARRIEN\.m2\repository\com\github\jnr\jnr-a64asm\1.0.0\jnr-a64asm-1.0.0.jar;C:\Users\LARRIEN\.m2\repository\com\github\jnr\jnr-x86asm\1.0.2\jnr-x86asm-1.0.2.jar;C:\Users\LARRIEN\.m2\repository\com\github\jnr\jnr-constants\0.10.4\jnr-constants-0.10.4.jar;C:\Users\LARRIEN\.m2\repository\com\github\jnr\jnr-enxio\0.32.14\jnr-enxio-0.32.14.jar;C:\Users\LARRIEN\.m2\repository\com\github\jnr\jnr-posix\3.1.16\jnr-posix-3.1.16.jar;C:\Users\LARRIEN\.m2\repository\org\ow2\asm\asm-util\9.5\asm-util-9.5.jar;C:\Users\LARRIEN\.m2\repository\org\ow2\asm\asm\9.5\asm-9.5.jar;C:\Users\LARRIEN\.m2\repository\org\ow2\asm\asm-tree\9.5\asm-tree-9.5.jar;C:\Users\LARRIEN\.m2\repository\org\ow2\asm\asm-analysis\9.5\asm-analysis-9.5.jar;C:\Users\LARRIEN\.m2\repository\com\google\http-client\google-http-client\1.43.0\google-http-client-1.43.0.jar;C:\Users\LARRIEN\.m2\repository\org\apache\httpcomponents\httpclient\4.5.14\httpclient-4.5.14.jar;C:\Users\LARRIEN\.m2\repository\commons-logging\commons-logging\1.2\commons-logging-1.2.jar;C:\Users\LARRIEN\.m2\repository\org\apache\httpcomponents\httpcore\4.4.16\httpcore-4.4.16.jar;C:\Users\LARRIEN\.m2\repository\io\opencensus\opencensus-api\0.31.1\opencensus-api-0.31.1.jar;C:\Users\LARRIEN\.m2\repository\io\grpc\grpc-context\1.27.2\grpc-context-1.27.2.jar;C:\Users\LARRIEN\.m2\repository\io\opencensus\opencensus-contrib-http-util\0.31.1\opencensus-contrib-http-util-0.31.1.jar;C:\Users\LARRIEN\.m2\repository\com\google\errorprone\error_prone_annotations\2.16\error_prone_annotations-2.16.jar;C:\Users\LARRIEN\.m2\repository\com\google\http-client\google-http-client-gson\1.43.0\google-http-client-gson-1.43.0.jar;C:\Users\LARRIEN\.m2\repository\com\google\code\gson\gson\2.10.1\gson-2.10.1.jar;C:\Users\LARRIEN\.m2\repository\com\google\api-client\google-api-client\2.1.1\google-api-client-2.1.1.jar;C:\Users\LARRIEN\.m2\repository\com\google\http-client\google-http-client-apache-v2\1.42.3\google-http-client-apache-v2-1.42.3.jar;C:\Users\LARRIEN\.m2\repository\com\google\apis\google-api-services-sqladmin\v1beta4-rev20230403-2.0.0\google-api-services-sqladmin-v1beta4-rev20230403-2.0.0.jar;C:\Users\LARRIEN\.m2\repository\com\google\auth\google-auth-library-credentials\1.13.0\google-auth-library-credentials-1.13.0.jar;C:\Users\LARRIEN\.m2\repository\com\google\auth\google-auth-library-oauth2-http\1.13.0\google-auth-library-oauth2-http-1.13.0.jar;C:\Users\LARRIEN\.m2\repository\com\google\auto\value\auto-value-annotations\1.10\auto-value-annotations-1.10.jar;C:\Users\LARRIEN\.m2\repository\com\google\oauth-client\google-oauth-client\1.34.1\google-oauth-client-1.34.1.jar;C:\Users\LARRIEN\.m2\repository\com\google\api\gax\2.24.0\gax-2.24.0.jar;C:\Users\LARRIEN\.m2\repository\com\google\guava\guava\31.1-android\guava-31.1-android.jar;C:\Users\LARRIEN\.m2\repository\com\google\guava\failureaccess\1.0.1\failureaccess-1.0.1.jar;C:\Users\LARRIEN\.m2\repository\com\google\guava\listenablefuture\9999.0-empty-to-avoid-conflict-with-guava\listenablefuture-9999.0-empty-to-avoid-conflict-with-guava.jar;C:\Users\LARRIEN\.m2\repository\com\google\code\findbugs\jsr305\3.0.2\jsr305-3.0.2.jar;C:\Users\LARRIEN\.m2\repository\com\google\j2objc\j2objc-annotations\1.3\j2objc-annotations-1.3.jar;C:\Users\LARRIEN\.m2\repository\org\apache\poi\poi\5.2.0\poi-5.2.0.jar;C:\Users\LARRIEN\.m2\repository\commons-codec\commons-codec\1.15\commons-codec-1.15.jar;C:\Users\LARRIEN\.m2\repository\org\apache\commons\commons-collections4\4.4\commons-collections4-4.4.jar;C:\Users\LARRIEN\.m2\repository\org\apache\commons\commons-math3\3.6.1\commons-math3-3.6.1.jar;C:\Users\LARRIEN\.m2\repository\commons-io\commons-io\2.11.0\commons-io-2.11.0.jar;C:\Users\LARRIEN\.m2\repository\com\zaxxer\SparseBitSet\1.2\SparseBitSet-1.2.jar;C:\Users\LARRIEN\.m2\repository\org\apache\logging\log4j\log4j-api\2.17.1\log4j-api-2.17.1.jar;C:\Users\LARRIEN\.m2\repository\junit\junit\4.10\junit-4.10.jar;C:\Users\LARRIEN\.m2\repository\org\hamcrest\hamcrest-core\1.1\hamcrest-core-1.1.jar;C:\Users\LARRIEN\.m2\repository\org\apache\poi\poi-ooxml\3.9\poi-ooxml-3.9.jar;C:\Users\LARRIEN\.m2\repository\org\apache\poi\poi-ooxml-schemas\3.9\poi-ooxml-schemas-3.9.jar;C:\Users\LARRIEN\.m2\repository\org\apache\xmlbeans\xmlbeans\2.3.0\xmlbeans-2.3.0.jar;C:\Users\LARRIEN\.m2\repository\stax\stax-api\1.0.1\stax-api-1.0.1.jar;C:\Users\LARRIEN\.m2\repository\dom4j\dom4j\1.6.1\dom4j-1.6.1.jar;C:\Users\LARRIEN\.m2\repository\xml-apis\xml-apis\1.0.b2\xml-apis-1.0.b2.jar;C:\Users\LARRIEN\.m2\repository\org\openjfx\javafx-fxml\21-ea+23\javafx-fxml-21-ea+23.jar;C:\Users\LARRIEN\.m2\repository\org\openjfx\javafx-fxml\21-ea+23\javafx-fxml-21-ea+23-win.jar;C:\Users\LARRIEN\.m2\repository\org\openjfx\javafx-controls\21-ea+23\javafx-controls-21-ea+23.jar;C:\Users\LARRIEN\.m2\repository\org\openjfx\javafx-controls\21-ea+23\javafx-controls-21-ea+23-win.jar;C:\Users\LARRIEN\.m2\repository\org\openjfx\javafx-graphics\21-ea+23\javafx-graphics-21-ea+23.jar;C:\Users\LARRIEN\.m2\repository\org\openjfx\javafx-graphics\21-ea+23\javafx-graphics-21-ea+23-win.jar;C:\Users\LARRIEN\.m2\repository\org\openjfx\javafx-base\21-ea+23\javafx-base-21-ea+23.jar;C:\Users\LARRIEN\.m2\repository\org\openjfx\javafx-base\21-ea+23\javafx-base-21-ea+23-win.jar;C:\Users\LARRIEN\.m2\repository\com\mysql\mysql-connector-j\8.0.33\mysql-connector-j-8.0.33.jar;C:\Users\LARRIEN\.m2\repository\com\google\protobuf\protobuf-java\3.21.9\protobuf-java-3.21.9.jar;C:\Users\LARRIEN\.m2\repository\org\slf4j\slf4j-api\2.0.0-alpha0\slf4j-api-2.0.0-alpha0.jar;"/>
    <property name="sun.cpu.endian" value="little"/>
    <property name="user.home" value="C:\Users\LARRIEN"/>
    <property name="user.language" value="en"/>
    <property name="java.specification.vendor" value="Oracle Corporation"/>
    <property name="java.version.date" value="2022-07-19"/>
    <property name="java.home" value="C:\Program Files\Java\jdk-18.0.2"/>
    <property name="file.separator" value="\"/>
    <property name="basedir" value="c:\Users\LARRIEN\Desktop\Project 01\scholaid"/>
    <property name="java.vm.compressedOopsMode" value="32-bit"/>
    <property name="line.separator" value="&#10;"/>
    <property name="java.vm.specification.vendor" value="Oracle Corporation"/>
    <property name="java.specification.name" value="Java Platform API Specification"/>
    <property name="surefire.real.class.path" value="C:\Users\LARRIEN\AppData\Local\Temp\surefire9474156428068478649\surefirebooter7327771588390351133.jar"/>
    <property name="user.script" value=""/>
    <property name="sun.management.compiler" value="HotSpot 64-Bit Tiered Compilers"/>
    <property name="java.runtime.version" value="18.0.2+9-61"/>
    <property name="user.name" value="LARRIEN"/>
    <property name="path.separator" value=";"/>
    <property name="os.version" value="10.0"/>
    <property name="java.runtime.name" value="Java(TM) SE Runtime Environment"/>
    <property name="file.encoding" value="UTF-8"/>
    <property name="java.vm.name" value="Java HotSpot(TM) 64-Bit Server VM"/>
    <property name="localRepository" value="C:\Users\LARRIEN\.m2\repository"/>
    <property name="java.vendor.url.bug" value="https://bugreport.java.com/bugreport/"/>
    <property name="java.io.tmpdir" value="C:\Users\LARRIEN\AppData\Local\Temp\"/>
    <property name="java.version" value="18.0.2"/>
    <property name="user.dir" value="c:\Users\LARRIEN\Desktop\Project 01\scholaid"/>
    <property name="os.arch" value="amd64"/>
    <property name="java.vm.specification.name" value="Java Virtual Machine Specification"/>
    <property name="sun.os.patch.level" value=""/>
    <property name="native.encoding" value="Cp1252"/>
    <property name="java.library.path" value="C:\Program Files\Java\jdk-18.0.2\bin;C:\Windows\Sun\Java\bin;C:\Windows\system32;C:\Windows;C:\Program Files\Common Files\Oracle\Java\javapath;C:\Program Files (x86)\Common Files\Oracle\Java\javapath;C:\Windows\system32;C:\Windows;C:\Windows\System32\Wbem;C:\Windows\System32\WindowsPowerShell\v1.0\;C:\Windows\System32\OpenSSH\;C:\Program Files\Git\cmd;C;C:\Program Files\nodejs\;C:\Users\LARRIEN\AppData\Local\Programs\Python\Python310\Scripts\;C:\Users\LARRIEN\AppData\Local\Programs\Python\Python310\;C:\Users\LARRIEN\AppData\Local\Microsoft\WindowsApps;C:\Users\LARRIEN\AppData\Local\GitHubDesktop\bin;C:\Users\LARRIEN\AppData\Local\Programs\Microsoft VS Code\bin;C:\Users\LARRIEN\Desktop\jar\apache-maven-3.9.1\bin;C:\Users\LARRIEN\AppData\Roaming\npm;."/>
    <property name="java.vm.info" value="mixed mode, sharing"/>
    <property name="java.vendor" value="Oracle Corporation"/>
    <property name="java.vm.version" value="18.0.2+9-61"/>
    <property name="sun.io.unicode.encoding" value="UnicodeLittle"/>
    <property name="java.class.version" value="62.0"/>
  </properties>
  <testcase name="shouldAnswerWithTrue" classname="school.AppTest" time="0.012"/>
</testsuite>